EDA Netlist Writer report for adder
Wed Nov 20 07:43:30 2019
Quartus II 32-bit Version 12.0 Build 178 05/31/2012 SJ Web Edition


---------------------
; Table of Contents ;
---------------------
  1. Legal Notice
  2. EDA Netlist Writer Summary
  3. Simulation Settings
  4. Simulation Generated Files
  5. EDA Netlist Writer Messages



----------------
; Legal Notice ;
----------------
Copyright (C) 1991-2012 Altera Corporation
Your use of Altera Corporation's design tools, logic functions 
and other software and tools, and its AMPP partner logic 
functions, and any output files from any of the foregoing 
(including device programming or simulation files), and any 
associated documentation or information are expressly subject 
to the terms and conditions of the Altera Program License 
Subscription Agreement, Altera MegaCore Function License 
Agreement, or other applicable license agreement, including, 
without limitation, that your use is for the sole purpose of 
programming logic devices manufactured by Altera and sold by 
Altera or its authorized distributors.  Please refer to the 
applicable agreement for further details.



+-------------------------------------------------------------------+
; EDA Netlist Writer Summary                                        ;
+---------------------------+---------------------------------------+
; EDA Netlist Writer Status ; Successful - Wed Nov 20 07:43:30 2019 ;
; Revision Name             ; adder                                 ;
; Top-level Entity Name     ; adder                                 ;
; Family                    ; Cyclone IV GX                         ;
; Simulation Files Creation ; Successful                            ;
+---------------------------+---------------------------------------+


+----------------------------------------------------------------------------------------------------------------------------+
; Simulation Settings                                                                                                        ;
+---------------------------------------------------------------------------------------------------+------------------------+
; Option                                                                                            ; Setting                ;
+---------------------------------------------------------------------------------------------------+------------------------+
; Tool Name                                                                                         ; ModelSim-Altera (VHDL) ;
; Generate netlist for functional simulation only                                                   ; Off                    ;
; Time scale                                                                                        ; 1 ps                   ;
; Truncate long hierarchy paths                                                                     ; Off                    ;
; Map illegal HDL characters                                                                        ; Off                    ;
; Flatten buses into individual nodes                                                               ; Off                    ;
; Maintain hierarchy                                                                                ; Off                    ;
; Bring out device-wide set/reset signals as ports                                                  ; Off                    ;
; Enable glitch filtering                                                                           ; Off                    ;
; Do not write top level VHDL entity                                                                ; Off                    ;
; Disable detection of setup and hold time violations in the input registers of bi-directional pins ; Off                    ;
; Architecture name in VHDL output netlist                                                          ; structure              ;
; Generate third-party EDA tool command script for RTL functional simulation                        ; Off                    ;
; Generate third-party EDA tool command script for gate-level simulation                            ; Off                    ;
+---------------------------------------------------------------------------------------------------+------------------------+


+---------------------------------------------------------------------------------------------------------------------------------------------------------+
; Simulation Generated Files                                                                                                                              ;
+---------------------------------------------------------------------------------------------------------------------------------------------------------+
; Generated Files                                                                                                                                         ;
+---------------------------------------------------------------------------------------------------------------------------------------------------------+
; C:/Users/Gabriel_Ricardo/Documents/Documentos_Gabriel/Quartus_projects/Lifi/basic_components/adder/simulation/modelsim/adder_6_1200mv_85c_slow.vho      ;
; C:/Users/Gabriel_Ricardo/Documents/Documentos_Gabriel/Quartus_projects/Lifi/basic_components/adder/simulation/modelsim/adder_6_1200mv_0c_slow.vho       ;
; C:/Users/Gabriel_Ricardo/Documents/Documentos_Gabriel/Quartus_projects/Lifi/basic_components/adder/simulation/modelsim/adder_min_1200mv_0c_fast.vho     ;
; C:/Users/Gabriel_Ricardo/Documents/Documentos_Gabriel/Quartus_projects/Lifi/basic_components/adder/simulation/modelsim/adder.vho                        ;
; C:/Users/Gabriel_Ricardo/Documents/Documentos_Gabriel/Quartus_projects/Lifi/basic_components/adder/simulation/modelsim/adder_6_1200mv_85c_vhd_slow.sdo  ;
; C:/Users/Gabriel_Ricardo/Documents/Documentos_Gabriel/Quartus_projects/Lifi/basic_components/adder/simulation/modelsim/adder_6_1200mv_0c_vhd_slow.sdo   ;
; C:/Users/Gabriel_Ricardo/Documents/Documentos_Gabriel/Quartus_projects/Lifi/basic_components/adder/simulation/modelsim/adder_min_1200mv_0c_vhd_fast.sdo ;
; C:/Users/Gabriel_Ricardo/Documents/Documentos_Gabriel/Quartus_projects/Lifi/basic_components/adder/simulation/modelsim/adder_vhd.sdo                    ;
+---------------------------------------------------------------------------------------------------------------------------------------------------------+


+-----------------------------+
; EDA Netlist Writer Messages ;
+-----------------------------+
Info: *******************************************************************
Info: Running Quartus II 32-bit EDA Netlist Writer
    Info: Version 12.0 Build 178 05/31/2012 SJ Web Edition
    Info: Processing started: Wed Nov 20 07:43:29 2019
Info: Command: quartus_eda --read_settings_files=off --write_settings_files=off adder -c adder
Info (204019): Generated file adder_6_1200mv_85c_slow.vho in folder "C:/Users/Gabriel_Ricardo/Documents/Documentos_Gabriel/Quartus_projects/Lifi/basic_components/adder/simulation/modelsim/" for EDA simulation tool
Info (204019): Generated file adder_6_1200mv_0c_slow.vho in folder "C:/Users/Gabriel_Ricardo/Documents/Documentos_Gabriel/Quartus_projects/Lifi/basic_components/adder/simulation/modelsim/" for EDA simulation tool
Info (204019): Generated file adder_min_1200mv_0c_fast.vho in folder "C:/Users/Gabriel_Ricardo/Documents/Documentos_Gabriel/Quartus_projects/Lifi/basic_components/adder/simulation/modelsim/" for EDA simulation tool
Info (204019): Generated file adder.vho in folder "C:/Users/Gabriel_Ricardo/Documents/Documentos_Gabriel/Quartus_projects/Lifi/basic_components/adder/simulation/modelsim/" for EDA simulation tool
Info (204019): Generated file adder_6_1200mv_85c_vhd_slow.sdo in folder "C:/Users/Gabriel_Ricardo/Documents/Documentos_Gabriel/Quartus_projects/Lifi/basic_components/adder/simulation/modelsim/" for EDA simulation tool
Info (204019): Generated file adder_6_1200mv_0c_vhd_slow.sdo in folder "C:/Users/Gabriel_Ricardo/Documents/Documentos_Gabriel/Quartus_projects/Lifi/basic_components/adder/simulation/modelsim/" for EDA simulation tool
Info (204019): Generated file adder_min_1200mv_0c_vhd_fast.sdo in folder "C:/Users/Gabriel_Ricardo/Documents/Documentos_Gabriel/Quartus_projects/Lifi/basic_components/adder/simulation/modelsim/" for EDA simulation tool
Info (204019): Generated file adder_vhd.sdo in folder "C:/Users/Gabriel_Ricardo/Documents/Documentos_Gabriel/Quartus_projects/Lifi/basic_components/adder/simulation/modelsim/" for EDA simulation tool
Info: Quartus II 32-bit EDA Netlist Writer was successful. 0 errors, 0 warnings
    Info: Peak virtual memory: 321 megabytes
    Info: Processing ended: Wed Nov 20 07:43:31 2019
    Info: Elapsed time: 00:00:02
    Info: Total CPU time (on all processors): 00:00:02


