\BOOKMARK [1][-]{section.1}{Introduction}{}% 1
\BOOKMARK [1][-]{section.2}{Reed-Solomon Codes: Theoretical Aspects}{}% 2
\BOOKMARK [2][-]{subsection.2.1}{Encoding Process}{section.2}% 3
\BOOKMARK [2][-]{subsection.2.2}{Decoding Process}{section.2}% 4
\BOOKMARK [3][-]{subsubsection.2.2.1}{Syndrome Calculator}{subsection.2.2}% 5
\BOOKMARK [3][-]{subsubsection.2.2.2}{Euclidean}{subsection.2.2}% 6
\BOOKMARK [3][-]{subsubsection.2.2.3}{Chien Search}{subsection.2.2}% 7
\BOOKMARK [3][-]{subsubsection.2.2.4}{Forney}{subsection.2.2}% 8
\BOOKMARK [2][-]{subsection.2.3}{RS in IEEE 802}{section.2}% 9
\BOOKMARK [1][-]{section.3}{RS Codes: RTL Design}{}% 10
\BOOKMARK [2][-]{subsection.3.1}{Encoder}{section.3}% 11
\BOOKMARK [3][-]{subsubsection.3.1.1}{Processing Unit}{subsection.3.1}% 12
\BOOKMARK [3][-]{subsubsection.3.1.2}{Control Unit}{subsection.3.1}% 13
\BOOKMARK [2][-]{subsection.3.2}{RS Decoder}{section.3}% 14
\BOOKMARK [3][-]{subsubsection.3.2.1}{Syndrome}{subsection.3.2}% 15
\BOOKMARK [3][-]{subsubsection.3.2.2}{Euclidean}{subsection.3.2}% 16
\BOOKMARK [3][-]{subsubsection.3.2.3}{Chien Search}{subsection.3.2}% 17
\BOOKMARK [3][-]{subsubsection.3.2.4}{Forney}{subsection.3.2}% 18
\BOOKMARK [3][-]{subsubsection.3.2.5}{FIFOS}{subsection.3.2}% 19
\BOOKMARK [1][-]{section.4}{REED SOLOMON - Verification}{}% 20
\BOOKMARK [2][-]{subsection.4.1}{RS Encoder}{section.4}% 21
\BOOKMARK [2][-]{subsection.4.2}{RS Decoder}{section.4}% 22
\BOOKMARK [2][-]{subsection.4.3}{Verification bug tracking}{section.4}% 23
\BOOKMARK [2][-]{subsection.4.4}{Formal effort analysis}{section.4}% 24
\BOOKMARK [1][-]{section.5}{REED SOLOMON - Synthesis}{}% 25
\BOOKMARK [1][-]{section.6}{REED SOLOMON - Implementation details}{}% 26
\BOOKMARK [1][-]{section.7}{REED SOLOMON - Conclusion}{}% 27
\BOOKMARK [1][-]{section*.13}{References}{}% 28
